<?xml version="1.0" encoding="UTF-8"?>
<testng-results skipped="0" failed="0" ignored="0" total="1" passed="1">
  <reporter-output>
  </reporter-output>
  <suite name="Default suite" duration-ms="23981" started-at="2019-08-09T09:26:04Z" finished-at="2019-08-09T09:26:28Z">
    <groups>
    </groups>
    <test name="Default test" duration-ms="23981" started-at="2019-08-09T09:26:04Z" finished-at="2019-08-09T09:26:28Z">
      <class name="OrangeAutomation">
        <test-method status="PASS" signature="befoerTest()[pri:0, instance:OrangeAutomation@436e852b]" name="befoerTest" is-config="true" duration-ms="7" started-at="2019-08-09T09:26:04Z" finished-at="2019-08-09T09:26:04Z">
          <reporter-output>
          </reporter-output>
        </test-method> <!-- befoerTest -->
        <test-method status="PASS" signature="beforeMethod()[pri:0, instance:OrangeAutomation@436e852b]" name="beforeMethod" is-config="true" duration-ms="1" started-at="2019-08-09T09:26:04Z" finished-at="2019-08-09T09:26:04Z">
          <reporter-output>
          </reporter-output>
        </test-method> <!-- beforeMethod -->
        <test-method status="PASS" signature="initiateDriver()[pri:0, instance:OrangeAutomation@436e852b]" name="initiateDriver" is-config="true" duration-ms="22815" started-at="2019-08-09T09:26:04Z" finished-at="2019-08-09T09:26:27Z">
          <reporter-output>
          </reporter-output>
        </test-method> <!-- initiateDriver -->
        <test-method status="PASS" signature="loginTest()[pri:0, instance:OrangeAutomation@436e852b]" name="loginTest" duration-ms="1145" started-at="2019-08-09T09:26:27Z" finished-at="2019-08-09T09:26:28Z">
          <reporter-output>
          </reporter-output>
        </test-method> <!-- loginTest -->
        <test-method status="PASS" signature="closeBrowser()[pri:0, instance:OrangeAutomation@436e852b]" name="closeBrowser" is-config="true" duration-ms="0" started-at="2019-08-09T09:26:28Z" finished-at="2019-08-09T09:26:28Z">
          <reporter-output>
          </reporter-output>
        </test-method> <!-- closeBrowser -->
      </class> <!-- OrangeAutomation -->
    </test> <!-- Default test -->
  </suite> <!-- Default suite -->
</testng-results>
